<?xml version="1.0" encoding="UTF-8"?>
<!-- Generated by org.testng.reporters.JUnitReportReporter -->
<testsuite hostname="192.168.1.126" failures="0" tests="10" name="MyTestCases" time="225.287" errors="0" timestamp="2024-11-01T16:53:34 GMT+03:00" skipped="9">
  <testcase classname="MyTestCases" name="CheckTheSortOption" time="225.287"/>
  <system-out/>
  <testcase classname="MyTestCases" name="CheckDepartureDate">
    <skipped/>
  </testcase> <!-- CheckDepartureDate -->
  <system-out/>
  <testcase classname="MyTestCases" name="CheckIfQitafLogoIsDisplayed">
    <skipped/>
  </testcase> <!-- CheckIfQitafLogoIsDisplayed -->
  <system-out/>
  <testcase classname="MyTestCases" name="CheckTheEnglishLanguageIsDefault">
    <skipped/>
  </testcase> <!-- CheckTheEnglishLanguageIsDefault -->
  <system-out/>
  <testcase classname="MyTestCases" name="CheckThatThePageIsFullyLoaded">
    <skipped/>
  </testcase> <!-- CheckThatThePageIsFullyLoaded -->
  <system-out/>
  <testcase classname="MyTestCases" name="CheckTheDefaultCurrencyIsSAR">
    <skipped/>
  </testcase> <!-- CheckTheDefaultCurrencyIsSAR -->
  <system-out/>
  <testcase classname="MyTestCases" name="RandomChangeTheLanguage">
    <skipped/>
  </testcase> <!-- RandomChangeTheLanguage -->
  <system-out/>
  <testcase classname="MyTestCases" name="CheckReturnDate">
    <skipped/>
  </testcase> <!-- CheckReturnDate -->
  <system-out/>
  <testcase classname="MyTestCases" name="CheckIfHotelsSearchIsNotSelected">
    <skipped/>
  </testcase> <!-- CheckIfHotelsSearchIsNotSelected -->
  <system-out/>
  <testcase classname="MyTestCases" name="CheckTheNumber">
    <skipped/>
  </testcase> <!-- CheckTheNumber -->
  <system-out/>
</testsuite> <!-- MyTestCases -->
