<?xml version="1.0" encoding="UTF-8"?>
<!-- Generated by org.testng.reporters.JUnitReportReporter -->
<testsuite hostname="192.168.1.112" failures="0" tests="8" name="MyTestCases" time="35.403" errors="0" timestamp="2024-10-25T21:07:37 GMT+03:00" skipped="7">
  <testcase classname="MyTestCases" name="RandomChangeTheLanguage" time="35.403"/>
  <system-out/>
  <testcase classname="MyTestCases" name="CheckDepartureDate">
    <skipped/>
  </testcase> <!-- CheckDepartureDate -->
  <system-out/>
  <testcase classname="MyTestCases" name="CheckIfQitafLogoIsDisplayed">
    <skipped/>
  </testcase> <!-- CheckIfQitafLogoIsDisplayed -->
  <system-out/>
  <testcase classname="MyTestCases" name="CheckTheEnglishLanguageIsDefault">
    <skipped/>
  </testcase> <!-- CheckTheEnglishLanguageIsDefault -->
  <system-out/>
  <testcase classname="MyTestCases" name="CheckTheDefaultCurrencyIsSAR">
    <skipped/>
  </testcase> <!-- CheckTheDefaultCurrencyIsSAR -->
  <system-out/>
  <testcase classname="MyTestCases" name="CheckReturnDate">
    <skipped/>
  </testcase> <!-- CheckReturnDate -->
  <system-out/>
  <testcase classname="MyTestCases" name="CheckIfHotelsSearchIsNotSelected">
    <skipped/>
  </testcase> <!-- CheckIfHotelsSearchIsNotSelected -->
  <system-out/>
  <testcase classname="MyTestCases" name="CheckTheNumber">
    <skipped/>
  </testcase> <!-- CheckTheNumber -->
  <system-out/>
</testsuite> <!-- MyTestCases -->
